<?xml version="1.0" encoding="UTF-8"?>
<!-- Generated by org.testng.reporters.JUnitXMLReporter -->
<testsuite ignored="0" hostname="MacBookAir" failures="1" tests="2" name="Test" time="0.051" errors="0" timestamp="2024-12-20T10:07:33 EST">
  <testcase classname="org.sample.mavenorg.TestNGDetails" name="openBrowser" time="0.005"/>
  <testcase classname="org.sample.mavenorg.TestNGDetails" name="launchDriver" time="0.002">
    <failure type="junit.framework.AssertionFailedError">
      <![CDATA[junit.framework.AssertionFailedError
at junit.framework.Assert.fail(Assert.java:47)
at junit.framework.Assert.assertTrue(Assert.java:20)
at junit.framework.Assert.assertFalse(Assert.java:34)
at junit.framework.Assert.assertFalse(Assert.java:41)
at org.sample.mavenorg.TestNGDetails.launchDriver(TestNGDetails.java:48)
at java.base/java.util.concurrent.Executors$RunnableAdapter.call(Executors.java:577)
at java.base/java.util.concurrent.FutureTask.run(FutureTask.java:317)
at java.base/java.util.concurrent.ThreadPoolExecutor.runWorker(ThreadPoolExecutor.java:1144)
at java.base/java.util.concurrent.ThreadPoolExecutor$Worker.run(ThreadPoolExecutor.java:642)
at java.base/java.lang.Thread.run(Thread.java:1623)
... Removed 11 stack frames]]>
    </failure>
  </testcase> <!-- launchDriver -->
</testsuite> <!-- Test -->
