<?xml version="1.0" encoding="UTF-8"?>
<testng-results ignored="0" total="1" passed="1" failed="0" skipped="0">
  <reporter-output>
  </reporter-output>
  <suite started-at="2024-12-10T12:21:02 EST" name="Suite" finished-at="2024-12-10T12:21:20 EST" duration-ms="18230">
    <groups>
    </groups>
    <test started-at="2024-12-10T12:21:02 EST" name="Test" finished-at="2024-12-10T12:21:20 EST" duration-ms="18230">
      <class name="org.sample.mavenorg.DesiredCap">
        <test-method signature="OpenBrowser()[pri:0, instance:org.sample.mavenorg.DesiredCap@59fd97a8]" started-at="2024-12-10T12:21:02 EST" name="OpenBrowser" finished-at="2024-12-10T12:21:20 EST" duration-ms="18208" status="PASS">
          <reporter-output>
          </reporter-output>
        </test-method> <!-- OpenBrowser -->
      </class> <!-- org.sample.mavenorg.DesiredCap -->
    </test> <!-- Test -->
  </suite> <!-- Suite -->
</testng-results>
