<?xml version="1.0" encoding="UTF-8"?>
<testng-results ignored="0" total="3" passed="3" failed="0" skipped="0">
  <reporter-output>
  </reporter-output>
  <suite started-at="2025-02-09T12:20:13 EST" name="Default suite" finished-at="2025-02-09T12:20:15 EST" duration-ms="1602">
    <groups>
    </groups>
    <test started-at="2025-02-09T12:20:13 EST" name="Default test" finished-at="2025-02-09T12:20:15 EST" duration-ms="1602">
      <class name="tests.PutPatchDeleteExamples">
        <test-method signature="testDelete()[pri:0, instance:tests.PutPatchDeleteExamples@7b9a4292]" started-at="2025-02-09T12:20:13 EST" name="testDelete" finished-at="2025-02-09T12:20:14 EST" duration-ms="1155" status="PASS">
          <reporter-output>
          </reporter-output>
        </test-method> <!-- testDelete -->
        <test-method signature="testPatch()[pri:0, instance:tests.PutPatchDeleteExamples@7b9a4292]" started-at="2025-02-09T12:20:14 EST" name="testPatch" finished-at="2025-02-09T12:20:14 EST" duration-ms="226" status="PASS">
          <reporter-output>
          </reporter-output>
        </test-method> <!-- testPatch -->
        <test-method signature="testPut()[pri:0, instance:tests.PutPatchDeleteExamples@7b9a4292]" started-at="2025-02-09T12:20:14 EST" name="testPut" finished-at="2025-02-09T12:20:15 EST" duration-ms="197" status="PASS">
          <reporter-output>
          </reporter-output>
        </test-method> <!-- testPut -->
      </class> <!-- tests.PutPatchDeleteExamples -->
    </test> <!-- Default test -->
  </suite> <!-- Default suite -->
</testng-results>
