<?xml version="1.0" encoding="UTF-8"?>
<!-- Generated by org.testng.reporters.JUnitXMLReporter -->
<testsuite ignored="0" hostname="MacBookAir" failures="0" tests="3" name="Default test" time="1.602" errors="0" timestamp="2025-02-09T12:20:15 EST">
  <testcase classname="tests.PutPatchDeleteExamples" name="testDelete" time="1.155"/>
  <testcase classname="tests.PutPatchDeleteExamples" name="testPatch" time="0.226"/>
  <testcase classname="tests.PutPatchDeleteExamples" name="testPut" time="0.197"/>
</testsuite> <!-- Default test -->
